<?xml version="1.0" encoding="UTF-8"?>
<!-- Generated by org.testng.reporters.JUnitReportReporter -->
<testsuite hostname="DESKTOP-8OSH69I" failures="0" tests="2" name="BDD.Cucumber.TestRunner" time="10.456" errors="0" timestamp="2024-11-11T16:25:20 IST" skipped="0">
  <testcase classname="BDD.Cucumber.TestRunner" name="runScenario" time="4.555"/>
  <system-out/>
  <testcase classname="BDD.Cucumber.TestRunner" name="runScenario" time="5.901"/>
  <system-out/>
</testsuite> <!-- BDD.Cucumber.TestRunner -->
