<?xml version="1.0" encoding="UTF-8"?>
<!-- Generated by org.testng.reporters.JUnitReportReporter -->
<testsuite hostname="DESKTOP-8OSH69I" failures="0" tests="2" name="BDD.Cucumber.TestRunner" time="11.102" errors="0" timestamp="2024-11-11T16:26:44 IST" skipped="0">
  <testcase classname="BDD.Cucumber.TestRunner" name="runScenario" time="4.460"/>
  <system-out/>
  <testcase classname="BDD.Cucumber.TestRunner" name="runScenario" time="6.642"/>
  <system-out/>
</testsuite> <!-- BDD.Cucumber.TestRunner -->
